<?xml version="1.0" encoding="UTF-8"?>
<!-- Generated by org.testng.reporters.JUnitXMLReporter -->
<testsuite hostname="EMCI7" ignored="0" name="Default test" tests="3" failures="0" timestamp="2020-03-23T09:41:03 PDT" time="4.269" errors="0">
  <testcase name="deveAbrirNavegador" time="0.022" classname="br.com.automacao.projetoQuarentena.AbreNavegador"/>
  <testcase name="deveInserirValor" time="1.796" classname="br.com.automacao.projetoQuarentena.AbreNavegador"/>
  <testcase name="radiobutton" time="2.394" classname="br.com.automacao.projetoQuarentena.AbreNavegador"/>
</testsuite> <!-- Default test -->
