<?xml version="1.0" encoding="UTF-8"?>
<testng-results skipped="0" failed="0" ignored="0" total="3" passed="3">
  <reporter-output>
  </reporter-output>
  <suite name="Default suite" duration-ms="4269" started-at="2020-03-23T09:40:59 PDT" finished-at="2020-03-23T09:41:03 PDT">
    <groups>
    </groups>
    <test name="Default test" duration-ms="4269" started-at="2020-03-23T09:40:59 PDT" finished-at="2020-03-23T09:41:03 PDT">
      <class name="br.com.automacao.projetoQuarentena.AbreNavegador">
        <test-method status="PASS" signature="deveAbrirNavegador()[pri:0, instance:br.com.automacao.projetoQuarentena.AbreNavegador@53fb3dab]" name="deveAbrirNavegador" duration-ms="22" started-at="2020-03-23T09:40:59 PDT" finished-at="2020-03-23T09:40:59 PDT">
          <reporter-output>
          </reporter-output>
        </test-method> <!-- deveAbrirNavegador -->
        <test-method status="PASS" signature="deveInserirValor()[pri:0, instance:br.com.automacao.projetoQuarentena.AbreNavegador@53fb3dab]" name="deveInserirValor" duration-ms="1796" started-at="2020-03-23T09:40:59 PDT" finished-at="2020-03-23T09:41:01 PDT">
          <reporter-output>
          </reporter-output>
        </test-method> <!-- deveInserirValor -->
        <test-method status="PASS" signature="radiobutton()[pri:0, instance:br.com.automacao.projetoQuarentena.AbreNavegador@53fb3dab]" name="radiobutton" duration-ms="2394" started-at="2020-03-23T09:41:01 PDT" finished-at="2020-03-23T09:41:03 PDT">
          <reporter-output>
          </reporter-output>
        </test-method> <!-- radiobutton -->
        <test-method status="PASS" signature="encerra()[pri:0, instance:br.com.automacao.projetoQuarentena.AbreNavegador@53fb3dab]" name="encerra" is-config="true" duration-ms="1" started-at="2020-03-23T09:41:03 PDT" finished-at="2020-03-23T09:41:03 PDT">
          <reporter-output>
          </reporter-output>
        </test-method> <!-- encerra -->
      </class> <!-- br.com.automacao.projetoQuarentena.AbreNavegador -->
    </test> <!-- Default test -->
  </suite> <!-- Default suite -->
</testng-results>
